<?xml version="1.0" encoding="UTF-8"?>
<testsuites name="jest tests" tests="8" failures="0" time="4.697">
  <testsuite name="测试hello里的方法" errors="0" failures="0" skipped="0" timestamp="2020-04-17T08:44:19" time="1.26" tests="2">
    <testcase classname="测试hello里的方法 hello方法 不传参数" name="测试hello里的方法 hello方法 不传参数" time="0.002">
    </testcase>
    <testcase classname="测试hello里的方法 hello方法 传true" name="测试hello里的方法 hello方法 传true" time="0">
    </testcase>
  </testsuite>
  <testsuite name="HelloEvent组件" errors="0" failures="0" skipped="0" timestamp="2020-04-17T08:44:19" time="1.303" tests="3">
    <testcase classname="HelloEvent组件 测试组件渲染" name="HelloEvent组件 测试组件渲染" time="0.015">
    </testcase>
    <testcase classname="HelloEvent组件 测试组件渲染-传了click方法" name="HelloEvent组件 测试组件渲染-传了click方法" time="0.002">
    </testcase>
    <testcase classname="HelloEvent组件 测试点击方法" name="HelloEvent组件 测试点击方法" time="0.035">
    </testcase>
  </testsuite>
  <testsuite name="AppExample组件测试" errors="0" failures="0" skipped="0" timestamp="2020-04-17T08:44:19" time="1.314" tests="1">
    <testcase classname="AppExample组件测试 AppExample渲染测试" name="AppExample组件测试 AppExample渲染测试" time="0.012">
    </testcase>
  </testsuite>
  <testsuite name="HelloImage测试" errors="0" failures="0" skipped="0" timestamp="2020-04-17T08:44:19" time="1.382" tests="1">
    <testcase classname="HelloImage测试 测试渲染" name="HelloImage测试 测试渲染" time="0.014">
    </testcase>
  </testsuite>
  <testsuite name="测试Hello组件" errors="0" failures="0" skipped="0" timestamp="2020-04-17T08:44:19" time="2.668" tests="1">
    <testcase classname="测试Hello组件 测试基本渲染-他是一个div" name="测试Hello组件 测试基本渲染-他是一个div" time="0.013">
    </testcase>
  </testsuite>
</testsuites>